<?xml version="1.0" encoding="UTF-8"?>
<testsuite xmlns:xsi="http://www.w3.org/2001/XMLSchema-instance" xsi:noNamespaceSchemaLocation="https://maven.apache.org/surefire/maven-surefire-plugin/xsd/surefire-test-report.xsd" name="com.example.AppTest" time="0.019" tests="1" errors="0" skipped="0" failures="0">
  <properties>
    <property name="sun.desktop" value="windows"/>
    <property name="awt.toolkit" value="sun.awt.windows.WToolkit"/>
    <property name="java.specification.version" value="11"/>
    <property name="sun.cpu.isalist" value="amd64"/>
    <property name="sun.jnu.encoding" value="Cp1252"/>
    <property name="java.class.path" value="C:\Users\jaac2\Desktop\werewolf\werewolf\target\test-classes;C:\Users\jaac2\Desktop\werewolf\werewolf\target\classes;C:\Users\jaac2\.m2\repository\org\junit\jupiter\junit-jupiter-api\5.7.0\junit-jupiter-api-5.7.0.jar;C:\Users\jaac2\.m2\repository\org\apiguardian\apiguardian-api\1.1.0\apiguardian-api-1.1.0.jar;C:\Users\jaac2\.m2\repository\org\opentest4j\opentest4j\1.2.0\opentest4j-1.2.0.jar;C:\Users\jaac2\.m2\repository\org\junit\platform\junit-platform-commons\1.7.0\junit-platform-commons-1.7.0.jar;C:\Users\jaac2\.m2\repository\org\junit\jupiter\junit-jupiter-engine\5.7.0\junit-jupiter-engine-5.7.0.jar;C:\Users\jaac2\.m2\repository\org\junit\platform\junit-platform-engine\1.7.0\junit-platform-engine-1.7.0.jar;C:\Users\jaac2\.m2\repository\javax\websocket\javax.websocket-api\1.1\javax.websocket-api-1.1.jar;C:\Users\jaac2\.m2\repository\org\glassfish\tyrus\tyrus-server\1.13.1\tyrus-server-1.13.1.jar;C:\Users\jaac2\.m2\repository\org\glassfish\tyrus\tyrus-client\1.13.1\tyrus-client-1.13.1.jar;C:\Users\jaac2\.m2\repository\org\glassfish\tyrus\tyrus-core\1.13.1\tyrus-core-1.13.1.jar;C:\Users\jaac2\.m2\repository\org\glassfish\tyrus\tyrus-spi\1.13.1\tyrus-spi-1.13.1.jar;C:\Users\jaac2\.m2\repository\org\glassfish\tyrus\tyrus-container-grizzly-client\1.13.1\tyrus-container-grizzly-client-1.13.1.jar;C:\Users\jaac2\.m2\repository\org\glassfish\tyrus\tyrus-container-grizzly-server\1.13.1\tyrus-container-grizzly-server-1.13.1.jar;C:\Users\jaac2\.m2\repository\org\glassfish\grizzly\grizzly-framework\2.3.25\grizzly-framework-2.3.25.jar;C:\Users\jaac2\.m2\repository\org\glassfish\grizzly\grizzly-http-server\2.3.25\grizzly-http-server-2.3.25.jar;C:\Users\jaac2\.m2\repository\org\glassfish\grizzly\grizzly-http\2.3.25\grizzly-http-2.3.25.jar;C:\Users\jaac2\.m2\repository\org\netbeans\external\AbsoluteLayout\RELEASE220\AbsoluteLayout-RELEASE220.jar;"/>
    <property name="java.vm.vendor" value="Microsoft"/>
    <property name="sun.arch.data.model" value="64"/>
    <property name="user.variant" value=""/>
    <property name="java.vendor.url" value="https://www.microsoft.com"/>
    <property name="user.timezone" value="America/Mexico_City"/>
    <property name="java.vm.specification.version" value="11"/>
    <property name="os.name" value="Windows 11"/>
    <property name="sun.java.launcher" value="SUN_STANDARD"/>
    <property name="user.country" value="US"/>
    <property name="sun.boot.library.path" value="C:\Program Files\Microsoft\jdk-11.0.16.101-hotspot\bin"/>
    <property name="sun.java.command" value="C:\Users\jaac2\AppData\Local\Temp\surefire5371953427124203388\surefirebooter4081208113931560595.jar C:\Users\jaac2\AppData\Local\Temp\surefire5371953427124203388 2024-06-13T17-43-00_790-jvmRun1 surefire10881415273313891755tmp surefire_04420398738303546592tmp"/>
    <property name="jdk.debug" value="release"/>
    <property name="surefire.test.class.path" value="C:\Users\jaac2\Desktop\werewolf\werewolf\target\test-classes;C:\Users\jaac2\Desktop\werewolf\werewolf\target\classes;C:\Users\jaac2\.m2\repository\org\junit\jupiter\junit-jupiter-api\5.7.0\junit-jupiter-api-5.7.0.jar;C:\Users\jaac2\.m2\repository\org\apiguardian\apiguardian-api\1.1.0\apiguardian-api-1.1.0.jar;C:\Users\jaac2\.m2\repository\org\opentest4j\opentest4j\1.2.0\opentest4j-1.2.0.jar;C:\Users\jaac2\.m2\repository\org\junit\platform\junit-platform-commons\1.7.0\junit-platform-commons-1.7.0.jar;C:\Users\jaac2\.m2\repository\org\junit\jupiter\junit-jupiter-engine\5.7.0\junit-jupiter-engine-5.7.0.jar;C:\Users\jaac2\.m2\repository\org\junit\platform\junit-platform-engine\1.7.0\junit-platform-engine-1.7.0.jar;C:\Users\jaac2\.m2\repository\javax\websocket\javax.websocket-api\1.1\javax.websocket-api-1.1.jar;C:\Users\jaac2\.m2\repository\org\glassfish\tyrus\tyrus-server\1.13.1\tyrus-server-1.13.1.jar;C:\Users\jaac2\.m2\repository\org\glassfish\tyrus\tyrus-client\1.13.1\tyrus-client-1.13.1.jar;C:\Users\jaac2\.m2\repository\org\glassfish\tyrus\tyrus-core\1.13.1\tyrus-core-1.13.1.jar;C:\Users\jaac2\.m2\repository\org\glassfish\tyrus\tyrus-spi\1.13.1\tyrus-spi-1.13.1.jar;C:\Users\jaac2\.m2\repository\org\glassfish\tyrus\tyrus-container-grizzly-client\1.13.1\tyrus-container-grizzly-client-1.13.1.jar;C:\Users\jaac2\.m2\repository\org\glassfish\tyrus\tyrus-container-grizzly-server\1.13.1\tyrus-container-grizzly-server-1.13.1.jar;C:\Users\jaac2\.m2\repository\org\glassfish\grizzly\grizzly-framework\2.3.25\grizzly-framework-2.3.25.jar;C:\Users\jaac2\.m2\repository\org\glassfish\grizzly\grizzly-http-server\2.3.25\grizzly-http-server-2.3.25.jar;C:\Users\jaac2\.m2\repository\org\glassfish\grizzly\grizzly-http\2.3.25\grizzly-http-2.3.25.jar;C:\Users\jaac2\.m2\repository\org\netbeans\external\AbsoluteLayout\RELEASE220\AbsoluteLayout-RELEASE220.jar;"/>
    <property name="sun.cpu.endian" value="little"/>
    <property name="user.home" value="C:\Users\jaac2"/>
    <property name="user.language" value="en"/>
    <property name="java.specification.vendor" value="Oracle Corporation"/>
    <property name="java.version.date" value="2022-08-12"/>
    <property name="java.home" value="C:\Program Files\Microsoft\jdk-11.0.16.101-hotspot"/>
    <property name="file.separator" value="\"/>
    <property name="basedir" value="C:\Users\jaac2\Desktop\werewolf\werewolf"/>
    <property name="java.vm.compressedOopsMode" value="Zero based"/>
    <property name="line.separator" value="&#10;"/>
    <property name="java.specification.name" value="Java Platform API Specification"/>
    <property name="java.vm.specification.vendor" value="Oracle Corporation"/>
    <property name="java.awt.graphicsenv" value="sun.awt.Win32GraphicsEnvironment"/>
    <property name="surefire.real.class.path" value="C:\Users\jaac2\AppData\Local\Temp\surefire5371953427124203388\surefirebooter4081208113931560595.jar"/>
    <property name="user.script" value=""/>
    <property name="sun.management.compiler" value="HotSpot 64-Bit Tiered Compilers"/>
    <property name="java.runtime.version" value="11.0.16.1+1-LTS"/>
    <property name="user.name" value="jaac2"/>
    <property name="path.separator" value=";"/>
    <property name="os.version" value="10.0"/>
    <property name="java.runtime.name" value="OpenJDK Runtime Environment"/>
    <property name="file.encoding" value="Cp1252"/>
    <property name="java.vm.name" value="OpenJDK 64-Bit Server VM"/>
    <property name="java.vendor.version" value="Microsoft-40648"/>
    <property name="localRepository" value="C:\Users\jaac2\.m2\repository"/>
    <property name="java.vendor.url.bug" value="https://github.com/microsoft/openjdk/issues"/>
    <property name="java.io.tmpdir" value="C:\Users\jaac2\AppData\Local\Temp\"/>
    <property name="java.version" value="11.0.16.1"/>
    <property name="user.dir" value="C:\Users\jaac2\Desktop\werewolf\werewolf"/>
    <property name="os.arch" value="amd64"/>
    <property name="java.vm.specification.name" value="Java Virtual Machine Specification"/>
    <property name="java.awt.printerjob" value="sun.awt.windows.WPrinterJob"/>
    <property name="sun.os.patch.level" value=""/>
    <property name="java.library.path" value="C:\Program Files\Microsoft\jdk-11.0.16.101-hotspot\bin;C:\WINDOWS\Sun\Java\bin;C:\WINDOWS\system32;C:\WINDOWS;C:\Program Files\Oculus\Support\oculus-runtime;C:\Program Files (x86)\NVIDIA Corporation\PhysX\Common;C:\Program Files\Microsoft\jdk-11.0.16.101-hotspot\bin;C:\Program Files\Eclipse Adoptium\jdk-17.0.7.7-hotspot\bin;C:\Program Files\Common Files\Oracle\Java\javapath;C:\Program Files (x86)\Common Files\Oracle\Java\java8path;C:\Program Files (x86)\Common Files\Oracle\Java\javapath;C:\WINDOWS\system32;C:\WINDOWS;C:\WINDOWS\System32\Wbem;C:\WINDOWS\System32\WindowsPowerShell\v1.0\;C:\WINDOWS\System32\OpenSSH\;C:\Program Files\dotnet\;C:\ProgramData\chocolatey\bin;C:\msys64\mingw64\bin;C:\Program Files\PuTTY\;C:\Program Files\Microsoft SQL Server\150\Tools\Binn\;C:\Users\jaac2\AppData\Local\Programs\Python\Python310\python.exe;C:\Program Files\Git\cmd;C:\Program Files\nodejs\;C:\Users\jaac2\AppData\Local\Microsoft\WindowsApps;C:\Users\jaac2\AppData\Local\Google\Cloud SDK\google-cloud-sdk\bin;C:\Users\jaac2\AppData\Local\atom\bin;C:\Program Files\JetBrains\PyCharm 2022.1.4\bin;;C:\Users\jaac2\AppData\Local\GitHubDesktop\bin;C:\Users\jaac2\AppData\Local\Microsoft\WindowsApps;C:\Users\jaac2\.dotnet\tools;C:\Users\jaac2\AppData\Local\Programs\Microsoft VS Code\bin;C:\msys64\ucrt64\bin;C:\Users\jaac2\AppData\Roaming\npm;C:\Users\jaac2\AppData\Local\Programs\Python\Python312\Scripts;C:\Program Files\apache-maven-3.9.7\bin;;."/>
    <property name="java.vm.info" value="mixed mode"/>
    <property name="java.vendor" value="Microsoft"/>
    <property name="java.vm.version" value="11.0.16.1+1-LTS"/>
    <property name="sun.io.unicode.encoding" value="UnicodeLittle"/>
    <property name="java.class.version" value="55.0"/>
  </properties>
  <testcase name="testApp" classname="com.example.AppTest" time="0.016"/>
</testsuite>